{"D:\\DA1\\backend\\ToeicPracticeApp\\config.js": {"path":"D:\\DA1\\backend\\ToeicPracticeApp\\config.js","statementMap":{"0":{"start":{"line":2,"column":26},"end":{"line":2,"column":49}},"1":{"start":{"line":3,"column":14},"end":{"line":3,"column":39}},"2":{"start":{"line":4,"column":23},"end":{"line":4,"column":104}},"3":{"start":{"line":5,"column":23},"end":{"line":12,"column":1}},"4":{"start":{"line":15,"column":16},"end":{"line":15,"column":45}},"5":{"start":{"line":17,"column":0},"end":{"line":20,"column":3}},"6":{"start":{"line":21,"column":56},"end":{"line":21,"column":91}},"7":{"start":{"line":22,"column":11},"end":{"line":22,"column":25}},"8":{"start":{"line":23,"column":0},"end":{"line":23,"column":37}}},"fnMap":{},"branchMap":{},"s":{"0":4,"1":4,"2":4,"3":4,"4":4,"5":4,"6":4,"7":4,"8":4},"f":{},"b":{},"_coverageSchema":"1a1c01bbd47fc00a2c39e90264f33305004495a9","hash":"65fe7a1e1675001ab493d9445020bcb8ca21c62b"}
,"D:\\DA1\\backend\\ToeicPracticeApp\\index.js": {"path":"D:\\DA1\\backend\\ToeicPracticeApp\\index.js","statementMap":{"0":{"start":{"line":1,"column":16},"end":{"line":1,"column":34}},"1":{"start":{"line":2,"column":13},"end":{"line":2,"column":33}},"2":{"start":{"line":3,"column":13},"end":{"line":3,"column":17}},"3":{"start":{"line":6,"column":13},"end":{"line":6,"column":28}},"4":{"start":{"line":7,"column":12},"end":{"line":7,"column":21}},"5":{"start":{"line":8,"column":15},"end":{"line":8,"column":42}},"6":{"start":{"line":10,"column":13},"end":{"line":10,"column":28}},"7":{"start":{"line":11,"column":15},"end":{"line":11,"column":37}},"8":{"start":{"line":16,"column":0},"end":{"line":16,"column":39}},"9":{"start":{"line":17,"column":0},"end":{"line":17,"column":83}},"10":{"start":{"line":18,"column":0},"end":{"line":18,"column":15}},"11":{"start":{"line":19,"column":0},"end":{"line":19,"column":22}},"12":{"start":{"line":24,"column":0},"end":{"line":26,"column":1}},"13":{"start":{"line":25,"column":2},"end":{"line":25,"column":69}},"14":{"start":{"line":25,"column":28},"end":{"line":25,"column":68}},"15":{"start":{"line":31,"column":0},"end":{"line":31,"column":24}}},"fnMap":{"0":{"name":"(anonymous_0)","decl":{"start":{"line":25,"column":22},"end":{"line":25,"column":23}},"loc":{"start":{"line":25,"column":28},"end":{"line":25,"column":68}},"line":25}},"branchMap":{"0":{"loc":{"start":{"line":24,"column":0},"end":{"line":26,"column":1}},"type":"if","locations":[{"start":{"line":24,"column":0},"end":{"line":26,"column":1}},{"start":{},"end":{}}],"line":24}},"s":{"0":6,"1":6,"2":6,"3":6,"4":6,"5":6,"6":6,"7":6,"8":6,"9":6,"10":6,"11":6,"12":6,"13":0,"14":0,"15":6},"f":{"0":0},"b":{"0":[0,6]},"_coverageSchema":"1a1c01bbd47fc00a2c39e90264f33305004495a9","hash":"fcb3d7b2b86e48896bfa4256ac8dab0c8099aa80"}
,"D:\\DA1\\backend\\ToeicPracticeApp\\controllers\\Post.js": {"path":"D:\\DA1\\backend\\ToeicPracticeApp\\controllers\\Post.js","statementMap":{"0":{"start":{"line":1,"column":84},"end":{"line":1,"column":113}},"1":{"start":{"line":2,"column":24},"end":{"line":2,"column":44}},"2":{"start":{"line":3,"column":18},"end":{"line":3,"column":40}},"3":{"start":{"line":5,"column":19},"end":{"line":14,"column":1}},"4":{"start":{"line":6,"column":23},"end":{"line":6,"column":53}},"5":{"start":{"line":7,"column":17},"end":{"line":7,"column":53}},"6":{"start":{"line":8,"column":2},"end":{"line":13,"column":5}},"7":{"start":{"line":9,"column":6},"end":{"line":9,"column":40}},"8":{"start":{"line":10,"column":6},"end":{"line":10,"column":62}},"9":{"start":{"line":12,"column":6},"end":{"line":12,"column":56}},"10":{"start":{"line":16,"column":19},"end":{"line":33,"column":1}},"11":{"start":{"line":17,"column":23},"end":{"line":17,"column":56}},"12":{"start":{"line":18,"column":2},"end":{"line":32,"column":3}},"13":{"start":{"line":19,"column":17},"end":{"line":19,"column":25}},"14":{"start":{"line":20,"column":4},"end":{"line":28,"column":7}},"15":{"start":{"line":22,"column":16},"end":{"line":22,"column":44}},"16":{"start":{"line":23,"column":6},"end":{"line":23,"column":42}},"17":{"start":{"line":24,"column":6},"end":{"line":24,"column":55}},"18":{"start":{"line":27,"column":6},"end":{"line":27,"column":54}},"19":{"start":{"line":31,"column":4},"end":{"line":31,"column":47}},"20":{"start":{"line":34,"column":22},"end":{"line":53,"column":1}},"21":{"start":{"line":35,"column":23},"end":{"line":35,"column":56}},"22":{"start":{"line":36,"column":17},"end":{"line":36,"column":56}},"23":{"start":{"line":37,"column":2},"end":{"line":52,"column":3}},"24":{"start":{"line":38,"column":27},"end":{"line":38,"column":47}},"25":{"start":{"line":40,"column":0},"end":{"line":45,"column":1}},"26":{"start":{"line":41,"column":15},"end":{"line":41,"column":38}},"27":{"start":{"line":42,"column":2},"end":{"line":42,"column":41}},"28":{"start":{"line":44,"column":2},"end":{"line":44,"column":41}},"29":{"start":{"line":48,"column":6},"end":{"line":51,"column":8}},"30":{"start":{"line":54,"column":0},"end":{"line":54,"column":56}}},"fnMap":{"0":{"name":"(anonymous_0)","decl":{"start":{"line":5,"column":19},"end":{"line":5,"column":20}},"loc":{"start":{"line":5,"column":35},"end":{"line":14,"column":1}},"line":5},"1":{"name":"(anonymous_1)","decl":{"start":{"line":16,"column":19},"end":{"line":16,"column":20}},"loc":{"start":{"line":16,"column":35},"end":{"line":33,"column":1}},"line":16},"2":{"name":"(anonymous_2)","decl":{"start":{"line":21,"column":10},"end":{"line":21,"column":11}},"loc":{"start":{"line":21,"column":22},"end":{"line":25,"column":5}},"line":21},"3":{"name":"(anonymous_3)","decl":{"start":{"line":26,"column":11},"end":{"line":26,"column":12}},"loc":{"start":{"line":26,"column":22},"end":{"line":28,"column":5}},"line":26},"4":{"name":"(anonymous_4)","decl":{"start":{"line":34,"column":22},"end":{"line":34,"column":23}},"loc":{"start":{"line":34,"column":39},"end":{"line":53,"column":1}},"line":34}},"branchMap":{"0":{"loc":{"start":{"line":40,"column":0},"end":{"line":45,"column":1}},"type":"if","locations":[{"start":{"line":40,"column":0},"end":{"line":45,"column":1}},{"start":{"line":43,"column":7},"end":{"line":45,"column":1}}],"line":40}},"s":{"0":6,"1":6,"2":6,"3":6,"4":2,"5":2,"6":2,"7":2,"8":1,"9":1,"10":6,"11":2,"12":2,"13":2,"14":2,"15":1,"16":1,"17":1,"18":1,"19":0,"20":6,"21":3,"22":3,"23":3,"24":3,"25":2,"26":1,"27":1,"28":1,"29":1,"30":6},"f":{"0":2,"1":2,"2":1,"3":1,"4":3},"b":{"0":[1,1]},"_coverageSchema":"1a1c01bbd47fc00a2c39e90264f33305004495a9","hash":"335f6a4ab2620e5753adf417414fca65ee6973ff"}
,"D:\\DA1\\backend\\ToeicPracticeApp\\controllers\\PracticePlan.js": {"path":"D:\\DA1\\backend\\ToeicPracticeApp\\controllers\\PracticePlan.js","statementMap":{"0":{"start":{"line":1,"column":85},"end":{"line":1,"column":114}},"1":{"start":{"line":2,"column":26},"end":{"line":2,"column":46}},"2":{"start":{"line":3,"column":18},"end":{"line":3,"column":40}},"3":{"start":{"line":6,"column":23},"end":{"line":6,"column":75}},"4":{"start":{"line":7,"column":23},"end":{"line":7,"column":74}},"5":{"start":{"line":8,"column":23},"end":{"line":8,"column":74}},"6":{"start":{"line":9,"column":20},"end":{"line":9,"column":109}},"7":{"start":{"line":10,"column":20},"end":{"line":10,"column":115}},"8":{"start":{"line":11,"column":20},"end":{"line":11,"column":118}},"9":{"start":{"line":12,"column":20},"end":{"line":12,"column":120}},"10":{"start":{"line":13,"column":24},"end":{"line":13,"column":216}},"11":{"start":{"line":15,"column":26},"end":{"line":110,"column":1}},"12":{"start":{"line":16,"column":27},"end":{"line":16,"column":29}},"13":{"start":{"line":17,"column":17},"end":{"line":17,"column":19}},"14":{"start":{"line":18,"column":24},"end":{"line":18,"column":26}},"15":{"start":{"line":19,"column":26},"end":{"line":19,"column":27}},"16":{"start":{"line":20,"column":4},"end":{"line":39,"column":5}},"17":{"start":{"line":22,"column":12},"end":{"line":22,"column":33}},"18":{"start":{"line":23,"column":12},"end":{"line":23,"column":73}},"19":{"start":{"line":24,"column":12},"end":{"line":24,"column":18}},"20":{"start":{"line":26,"column":12},"end":{"line":26,"column":33}},"21":{"start":{"line":27,"column":12},"end":{"line":27,"column":73}},"22":{"start":{"line":28,"column":12},"end":{"line":28,"column":18}},"23":{"start":{"line":30,"column":12},"end":{"line":30,"column":33}},"24":{"start":{"line":31,"column":12},"end":{"line":31,"column":73}},"25":{"start":{"line":32,"column":12},"end":{"line":32,"column":18}},"26":{"start":{"line":34,"column":12},"end":{"line":34,"column":33}},"27":{"start":{"line":35,"column":12},"end":{"line":35,"column":72}},"28":{"start":{"line":36,"column":12},"end":{"line":36,"column":18}},"29":{"start":{"line":38,"column":12},"end":{"line":38,"column":24}},"30":{"start":{"line":40,"column":4},"end":{"line":52,"column":5}},"31":{"start":{"line":42,"column":12},"end":{"line":42,"column":43}},"32":{"start":{"line":43,"column":12},"end":{"line":43,"column":18}},"33":{"start":{"line":45,"column":12},"end":{"line":45,"column":43}},"34":{"start":{"line":46,"column":12},"end":{"line":46,"column":18}},"35":{"start":{"line":48,"column":12},"end":{"line":48,"column":43}},"36":{"start":{"line":49,"column":12},"end":{"line":49,"column":18}},"37":{"start":{"line":51,"column":12},"end":{"line":51,"column":24}},"38":{"start":{"line":53,"column":4},"end":{"line":97,"column":5}},"39":{"start":{"line":53,"column":16},"end":{"line":53,"column":17}},"40":{"start":{"line":54,"column":29},"end":{"line":54,"column":82}},"41":{"start":{"line":54,"column":61},"end":{"line":54,"column":81}},"42":{"start":{"line":55,"column":21},"end":{"line":55,"column":23}},"43":{"start":{"line":57,"column":8},"end":{"line":96,"column":9}},"44":{"start":{"line":58,"column":12},"end":{"line":78,"column":13}},"45":{"start":{"line":59,"column":16},"end":{"line":63,"column":19}},"46":{"start":{"line":64,"column":16},"end":{"line":69,"column":17}},"47":{"start":{"line":72,"column":16},"end":{"line":77,"column":17}},"48":{"start":{"line":82,"column":12},"end":{"line":89,"column":13}},"49":{"start":{"line":82,"column":24},"end":{"line":82,"column":29}},"50":{"start":{"line":83,"column":16},"end":{"line":87,"column":19}},"51":{"start":{"line":90,"column":12},"end":{"line":95,"column":13}},"52":{"start":{"line":98,"column":4},"end":{"line":109,"column":5}},"53":{"start":{"line":112,"column":27},"end":{"line":125,"column":1}},"54":{"start":{"line":113,"column":4},"end":{"line":124,"column":5}},"55":{"start":{"line":114,"column":29},"end":{"line":114,"column":66}},"56":{"start":{"line":115,"column":29},"end":{"line":115,"column":139}},"57":{"start":{"line":117,"column":31},"end":{"line":117,"column":67}},"58":{"start":{"line":118,"column":8},"end":{"line":118,"column":51}},"59":{"start":{"line":119,"column":8},"end":{"line":119,"column":51}},"60":{"start":{"line":120,"column":8},"end":{"line":120,"column":80}},"61":{"start":{"line":122,"column":8},"end":{"line":122,"column":59}},"62":{"start":{"line":123,"column":8},"end":{"line":123,"column":73}},"63":{"start":{"line":127,"column":23},"end":{"line":142,"column":1}},"64":{"start":{"line":128,"column":4},"end":{"line":141,"column":7}},"65":{"start":{"line":129,"column":29},"end":{"line":129,"column":66}},"66":{"start":{"line":130,"column":24},"end":{"line":130,"column":60}},"67":{"start":{"line":131,"column":33},"end":{"line":131,"column":54}},"68":{"start":{"line":133,"column":8},"end":{"line":137,"column":9}},"69":{"start":{"line":134,"column":10},"end":{"line":134,"column":77}},"70":{"start":{"line":136,"column":10},"end":{"line":136,"column":87}},"71":{"start":{"line":139,"column":8},"end":{"line":139,"column":58}},"72":{"start":{"line":140,"column":8},"end":{"line":140,"column":115}},"73":{"start":{"line":144,"column":27},"end":{"line":156,"column":1}},"74":{"start":{"line":145,"column":4},"end":{"line":155,"column":5}},"75":{"start":{"line":146,"column":29},"end":{"line":146,"column":66}},"76":{"start":{"line":147,"column":24},"end":{"line":147,"column":60}},"77":{"start":{"line":149,"column":8},"end":{"line":149,"column":43}},"78":{"start":{"line":150,"column":8},"end":{"line":150,"column":54}},"79":{"start":{"line":151,"column":8},"end":{"line":151,"column":68}},"80":{"start":{"line":153,"column":8},"end":{"line":153,"column":71}},"81":{"start":{"line":154,"column":8},"end":{"line":154,"column":108}},"82":{"start":{"line":158,"column":0},"end":{"line":158,"column":96}}},"fnMap":{"0":{"name":"(anonymous_0)","decl":{"start":{"line":15,"column":26},"end":{"line":15,"column":27}},"loc":{"start":{"line":15,"column":84},"end":{"line":110,"column":1}},"line":15},"1":{"name":"(anonymous_1)","decl":{"start":{"line":54,"column":54},"end":{"line":54,"column":55}},"loc":{"start":{"line":54,"column":61},"end":{"line":54,"column":81}},"line":54},"2":{"name":"(anonymous_2)","decl":{"start":{"line":112,"column":27},"end":{"line":112,"column":28}},"loc":{"start":{"line":112,"column":47},"end":{"line":125,"column":1}},"line":112},"3":{"name":"(anonymous_3)","decl":{"start":{"line":127,"column":23},"end":{"line":127,"column":24}},"loc":{"start":{"line":127,"column":43},"end":{"line":142,"column":1}},"line":127},"4":{"name":"(anonymous_4)","decl":{"start":{"line":144,"column":27},"end":{"line":144,"column":28}},"loc":{"start":{"line":144,"column":47},"end":{"line":156,"column":1}},"line":144}},"branchMap":{"0":{"loc":{"start":{"line":20,"column":4},"end":{"line":39,"column":5}},"type":"switch","locations":[{"start":{"line":21,"column":8},"end":{"line":24,"column":18}},{"start":{"line":25,"column":8},"end":{"line":28,"column":18}},{"start":{"line":29,"column":8},"end":{"line":32,"column":18}},{"start":{"line":33,"column":8},"end":{"line":36,"column":18}},{"start":{"line":37,"column":8},"end":{"line":38,"column":24}}],"line":20},"1":{"loc":{"start":{"line":40,"column":4},"end":{"line":52,"column":5}},"type":"switch","locations":[{"start":{"line":41,"column":8},"end":{"line":43,"column":18}},{"start":{"line":44,"column":8},"end":{"line":46,"column":18}},{"start":{"line":47,"column":8},"end":{"line":49,"column":18}},{"start":{"line":50,"column":8},"end":{"line":51,"column":24}}],"line":40},"2":{"loc":{"start":{"line":57,"column":8},"end":{"line":96,"column":9}},"type":"if","locations":[{"start":{"line":57,"column":8},"end":{"line":96,"column":9}},{"start":{"line":81,"column":12},"end":{"line":96,"column":9}}],"line":57},"3":{"loc":{"start":{"line":58,"column":12},"end":{"line":78,"column":13}},"type":"if","locations":[{"start":{"line":58,"column":12},"end":{"line":78,"column":13}},{"start":{"line":71,"column":16},"end":{"line":78,"column":13}}],"line":58},"4":{"loc":{"start":{"line":133,"column":8},"end":{"line":137,"column":9}},"type":"if","locations":[{"start":{"line":133,"column":8},"end":{"line":137,"column":9}},{"start":{"line":135,"column":15},"end":{"line":137,"column":9}}],"line":133}},"s":{"0":6,"1":6,"2":6,"3":6,"4":6,"5":6,"6":6,"7":6,"8":6,"9":6,"10":6,"11":6,"12":8,"13":8,"14":8,"15":8,"16":8,"17":1,"18":1,"19":1,"20":1,"21":1,"22":1,"23":2,"24":2,"25":2,"26":1,"27":1,"28":1,"29":3,"30":5,"31":1,"32":1,"33":1,"34":1,"35":2,"36":2,"37":1,"38":4,"39":4,"40":44,"41":71,"42":44,"43":44,"44":17,"45":1,"46":1,"47":16,"48":27,"49":27,"50":283,"51":27,"52":4,"53":6,"54":2,"55":2,"56":2,"57":2,"58":2,"59":1,"60":1,"61":1,"62":1,"63":6,"64":3,"65":3,"66":3,"67":3,"68":2,"69":1,"70":1,"71":1,"72":1,"73":6,"74":2,"75":2,"76":2,"77":2,"78":1,"79":1,"80":1,"81":1,"82":6},"f":{"0":8,"1":71,"2":2,"3":3,"4":2},"b":{"0":[1,1,2,1,3],"1":[1,1,2,1],"2":[17,27],"3":[1,16],"4":[1,1]},"_coverageSchema":"1a1c01bbd47fc00a2c39e90264f33305004495a9","hash":"a2fea8e12eabccce3c2b3adb9d6bf66a9a2847bb"}
,"D:\\DA1\\backend\\ToeicPracticeApp\\controllers\\Question.js": {"path":"D:\\DA1\\backend\\ToeicPracticeApp\\controllers\\Question.js","statementMap":{"0":{"start":{"line":1,"column":96},"end":{"line":1,"column":125}},"1":{"start":{"line":2,"column":18},"end":{"line":2,"column":38}},"2":{"start":{"line":3,"column":18},"end":{"line":3,"column":40}},"3":{"start":{"line":5,"column":23},"end":{"line":24,"column":1}},"4":{"start":{"line":6,"column":25},"end":{"line":6,"column":55}},"5":{"start":{"line":7,"column":19},"end":{"line":7,"column":44}},"6":{"start":{"line":8,"column":4},"end":{"line":23,"column":5}},"7":{"start":{"line":9,"column":29},"end":{"line":9,"column":49}},"8":{"start":{"line":11,"column":2},"end":{"line":18,"column":3}},"9":{"start":{"line":12,"column":4},"end":{"line":15,"column":5}},"10":{"start":{"line":13,"column":17},"end":{"line":13,"column":61}},"11":{"start":{"line":14,"column":4},"end":{"line":14,"column":16}},"12":{"start":{"line":17,"column":3},"end":{"line":17,"column":12}},"13":{"start":{"line":21,"column":6},"end":{"line":21,"column":47}},"14":{"start":{"line":22,"column":6},"end":{"line":22,"column":15}},"15":{"start":{"line":25,"column":20},"end":{"line":51,"column":2}},"16":{"start":{"line":26,"column":25},"end":{"line":26,"column":63}},"17":{"start":{"line":27,"column":4},"end":{"line":50,"column":5}},"18":{"start":{"line":28,"column":16},"end":{"line":28,"column":17}},"19":{"start":{"line":29,"column":6},"end":{"line":31,"column":8}},"20":{"start":{"line":30,"column":8},"end":{"line":30,"column":19}},"21":{"start":{"line":32,"column":18},"end":{"line":32,"column":59}},"22":{"start":{"line":33,"column":31},"end":{"line":33,"column":83}},"23":{"start":{"line":34,"column":16},"end":{"line":37,"column":7}},"24":{"start":{"line":38,"column":28},"end":{"line":38,"column":44}},"25":{"start":{"line":39,"column":19},"end":{"line":43,"column":8}},"26":{"start":{"line":40,"column":21},"end":{"line":40,"column":31}},"27":{"start":{"line":41,"column":22},"end":{"line":41,"column":28}},"28":{"start":{"line":42,"column":8},"end":{"line":42,"column":38}},"29":{"start":{"line":44,"column":6},"end":{"line":44,"column":51}},"30":{"start":{"line":46,"column":6},"end":{"line":49,"column":9}},"31":{"start":{"line":52,"column":26},"end":{"line":84,"column":2}},"32":{"start":{"line":53,"column":24},"end":{"line":53,"column":54}},"33":{"start":{"line":54,"column":18},"end":{"line":54,"column":43}},"34":{"start":{"line":55,"column":3},"end":{"line":83,"column":4}},"35":{"start":{"line":56,"column":30},"end":{"line":56,"column":50}},"36":{"start":{"line":57,"column":5},"end":{"line":80,"column":6}},"37":{"start":{"line":58,"column":24},"end":{"line":58,"column":47}},"38":{"start":{"line":59,"column":20},"end":{"line":59,"column":50}},"39":{"start":{"line":60,"column":7},"end":{"line":60,"column":24}},"40":{"start":{"line":61,"column":7},"end":{"line":61,"column":58}},"41":{"start":{"line":62,"column":7},"end":{"line":73,"column":8}},"42":{"start":{"line":63,"column":19},"end":{"line":63,"column":20}},"43":{"start":{"line":64,"column":9},"end":{"line":66,"column":12}},"44":{"start":{"line":65,"column":11},"end":{"line":65,"column":22}},"45":{"start":{"line":67,"column":21},"end":{"line":67,"column":55}},"46":{"start":{"line":68,"column":9},"end":{"line":72,"column":10}},"47":{"start":{"line":69,"column":25},"end":{"line":69,"column":75}},"48":{"start":{"line":70,"column":11},"end":{"line":70,"column":26}},"49":{"start":{"line":71,"column":11},"end":{"line":71,"column":59}},"50":{"start":{"line":76,"column":20},"end":{"line":78,"column":8}},"51":{"start":{"line":79,"column":7},"end":{"line":79,"column":34}},"52":{"start":{"line":82,"column":4},"end":{"line":82,"column":53}},"53":{"start":{"line":85,"column":29},"end":{"line":96,"column":2}},"54":{"start":{"line":86,"column":25},"end":{"line":86,"column":65}},"55":{"start":{"line":87,"column":17},"end":{"line":87,"column":25}},"56":{"start":{"line":88,"column":4},"end":{"line":95,"column":7}},"57":{"start":{"line":90,"column":6},"end":{"line":90,"column":55}},"58":{"start":{"line":91,"column":6},"end":{"line":91,"column":101}},"59":{"start":{"line":94,"column":6},"end":{"line":94,"column":66}},"60":{"start":{"line":97,"column":24},"end":{"line":113,"column":2}},"61":{"start":{"line":98,"column":23},"end":{"line":98,"column":61}},"62":{"start":{"line":99,"column":19},"end":{"line":99,"column":52}},"63":{"start":{"line":100,"column":4},"end":{"line":112,"column":5}},"64":{"start":{"line":101,"column":29},"end":{"line":101,"column":49}},"65":{"start":{"line":103,"column":2},"end":{"line":108,"column":3}},"66":{"start":{"line":104,"column":17},"end":{"line":104,"column":69}},"67":{"start":{"line":105,"column":4},"end":{"line":105,"column":44}},"68":{"start":{"line":107,"column":4},"end":{"line":107,"column":42}},"69":{"start":{"line":111,"column":6},"end":{"line":111,"column":47}},"70":{"start":{"line":114,"column":21},"end":{"line":132,"column":2}},"71":{"start":{"line":115,"column":23},"end":{"line":115,"column":63}},"72":{"start":{"line":116,"column":17},"end":{"line":116,"column":19}},"73":{"start":{"line":117,"column":2},"end":{"line":130,"column":3}},"74":{"start":{"line":117,"column":14},"end":{"line":117,"column":15}},"75":{"start":{"line":118,"column":19},"end":{"line":118,"column":45}},"76":{"start":{"line":119,"column":4},"end":{"line":129,"column":5}},"77":{"start":{"line":120,"column":29},"end":{"line":120,"column":49}},"78":{"start":{"line":122,"column":2},"end":{"line":125,"column":3}},"79":{"start":{"line":123,"column":17},"end":{"line":123,"column":70}},"80":{"start":{"line":124,"column":4},"end":{"line":124,"column":23}},"81":{"start":{"line":128,"column":6},"end":{"line":128,"column":47}},"82":{"start":{"line":131,"column":2},"end":{"line":131,"column":18}},"83":{"start":{"line":133,"column":1},"end":{"line":133,"column":112}}},"fnMap":{"0":{"name":"(anonymous_0)","decl":{"start":{"line":5,"column":23},"end":{"line":5,"column":24}},"loc":{"start":{"line":5,"column":45},"end":{"line":24,"column":1}},"line":5},"1":{"name":"(anonymous_1)","decl":{"start":{"line":25,"column":20},"end":{"line":25,"column":21}},"loc":{"start":{"line":25,"column":37},"end":{"line":51,"column":2}},"line":25},"2":{"name":"(anonymous_2)","decl":{"start":{"line":29,"column":68},"end":{"line":29,"column":69}},"loc":{"start":{"line":29,"column":78},"end":{"line":31,"column":7}},"line":29},"3":{"name":"(anonymous_3)","decl":{"start":{"line":39,"column":42},"end":{"line":39,"column":43}},"loc":{"start":{"line":39,"column":51},"end":{"line":43,"column":7}},"line":39},"4":{"name":"(anonymous_4)","decl":{"start":{"line":52,"column":26},"end":{"line":52,"column":27}},"loc":{"start":{"line":52,"column":70},"end":{"line":84,"column":2}},"line":52},"5":{"name":"(anonymous_5)","decl":{"start":{"line":64,"column":49},"end":{"line":64,"column":50}},"loc":{"start":{"line":64,"column":59},"end":{"line":66,"column":10}},"line":64},"6":{"name":"(anonymous_6)","decl":{"start":{"line":85,"column":29},"end":{"line":85,"column":30}},"loc":{"start":{"line":85,"column":45},"end":{"line":96,"column":2}},"line":85},"7":{"name":"(anonymous_7)","decl":{"start":{"line":89,"column":10},"end":{"line":89,"column":11}},"loc":{"start":{"line":89,"column":22},"end":{"line":92,"column":5}},"line":89},"8":{"name":"(anonymous_8)","decl":{"start":{"line":93,"column":11},"end":{"line":93,"column":12}},"loc":{"start":{"line":93,"column":22},"end":{"line":95,"column":5}},"line":93},"9":{"name":"(anonymous_9)","decl":{"start":{"line":97,"column":24},"end":{"line":97,"column":25}},"loc":{"start":{"line":97,"column":40},"end":{"line":113,"column":2}},"line":97},"10":{"name":"(anonymous_10)","decl":{"start":{"line":114,"column":21},"end":{"line":114,"column":22}},"loc":{"start":{"line":114,"column":34},"end":{"line":132,"column":2}},"line":114}},"branchMap":{"0":{"loc":{"start":{"line":11,"column":2},"end":{"line":18,"column":3}},"type":"if","locations":[{"start":{"line":11,"column":2},"end":{"line":18,"column":3}},{"start":{"line":16,"column":9},"end":{"line":18,"column":3}}],"line":11},"1":{"loc":{"start":{"line":12,"column":4},"end":{"line":15,"column":5}},"type":"if","locations":[{"start":{"line":12,"column":4},"end":{"line":15,"column":5}},{"start":{},"end":{}}],"line":12},"2":{"loc":{"start":{"line":12,"column":7},"end":{"line":12,"column":40}},"type":"binary-expr","locations":[{"start":{"line":12,"column":7},"end":{"line":12,"column":28}},{"start":{"line":12,"column":30},"end":{"line":12,"column":40}}],"line":12},"3":{"loc":{"start":{"line":13,"column":17},"end":{"line":13,"column":61}},"type":"binary-expr","locations":[{"start":{"line":13,"column":17},"end":{"line":13,"column":56}},{"start":{"line":13,"column":60},"end":{"line":13,"column":61}}],"line":13},"4":{"loc":{"start":{"line":57,"column":5},"end":{"line":80,"column":6}},"type":"if","locations":[{"start":{"line":57,"column":5},"end":{"line":80,"column":6}},{"start":{"line":75,"column":10},"end":{"line":80,"column":6}}],"line":57},"5":{"loc":{"start":{"line":59,"column":20},"end":{"line":59,"column":50}},"type":"binary-expr","locations":[{"start":{"line":59,"column":20},"end":{"line":59,"column":44}},{"start":{"line":59,"column":48},"end":{"line":59,"column":50}}],"line":59},"6":{"loc":{"start":{"line":62,"column":7},"end":{"line":73,"column":8}},"type":"if","locations":[{"start":{"line":62,"column":7},"end":{"line":73,"column":8}},{"start":{},"end":{}}],"line":62},"7":{"loc":{"start":{"line":68,"column":9},"end":{"line":72,"column":10}},"type":"if","locations":[{"start":{"line":68,"column":9},"end":{"line":72,"column":10}},{"start":{},"end":{}}],"line":68},"8":{"loc":{"start":{"line":69,"column":25},"end":{"line":69,"column":75}},"type":"binary-expr","locations":[{"start":{"line":69,"column":25},"end":{"line":69,"column":60}},{"start":{"line":69,"column":64},"end":{"line":69,"column":75}}],"line":69},"9":{"loc":{"start":{"line":103,"column":2},"end":{"line":108,"column":3}},"type":"if","locations":[{"start":{"line":103,"column":2},"end":{"line":108,"column":3}},{"start":{"line":106,"column":9},"end":{"line":108,"column":3}}],"line":103},"10":{"loc":{"start":{"line":122,"column":2},"end":{"line":125,"column":3}},"type":"if","locations":[{"start":{"line":122,"column":2},"end":{"line":125,"column":3}},{"start":{},"end":{}}],"line":122}},"s":{"0":6,"1":6,"2":6,"3":6,"4":7,"5":7,"6":7,"7":7,"8":6,"9":5,"10":3,"11":3,"12":1,"13":1,"14":1,"15":6,"16":2,"17":2,"18":2,"19":2,"20":2,"21":2,"22":2,"23":2,"24":2,"25":1,"26":2,"27":2,"28":2,"29":1,"30":1,"31":6,"32":4,"33":4,"34":4,"35":4,"36":3,"37":2,"38":2,"39":2,"40":2,"41":2,"42":1,"43":1,"44":1,"45":1,"46":1,"47":1,"48":1,"49":1,"50":1,"51":1,"52":1,"53":6,"54":2,"55":2,"56":2,"57":1,"58":1,"59":1,"60":6,"61":3,"62":3,"63":3,"64":3,"65":2,"66":1,"67":1,"68":1,"69":1,"70":6,"71":3,"72":3,"73":3,"74":3,"75":4,"76":4,"77":4,"78":3,"79":3,"80":3,"81":1,"82":3,"83":6},"f":{"0":7,"1":2,"2":2,"3":2,"4":4,"5":1,"6":2,"7":1,"8":1,"9":3,"10":3},"b":{"0":[5,1],"1":[3,2],"2":[5,4],"3":[3,0],"4":[2,1],"5":[2,1],"6":[1,1],"7":[1,0],"8":[1,0],"9":[1,1],"10":[3,0]},"_coverageSchema":"1a1c01bbd47fc00a2c39e90264f33305004495a9","hash":"15e23e9b508b7a8f6bbffd5dc8254010f127254d"}
,"D:\\DA1\\backend\\ToeicPracticeApp\\controllers\\SWskills.js": {"path":"D:\\DA1\\backend\\ToeicPracticeApp\\controllers\\SWskills.js","statementMap":{"0":{"start":{"line":1,"column":85},"end":{"line":1,"column":114}},"1":{"start":{"line":2,"column":25},"end":{"line":2,"column":45}},"2":{"start":{"line":3,"column":18},"end":{"line":3,"column":40}},"3":{"start":{"line":4,"column":58},"end":{"line":4,"column":85}},"4":{"start":{"line":9,"column":16},"end":{"line":9,"column":36}},"5":{"start":{"line":11,"column":20},"end":{"line":37,"column":1}},"6":{"start":{"line":12,"column":34},"end":{"line":12,"column":42}},"7":{"start":{"line":13,"column":21},"end":{"line":13,"column":63}},"8":{"start":{"line":16,"column":21},"end":{"line":16,"column":43}},"9":{"start":{"line":17,"column":4},"end":{"line":36,"column":5}},"10":{"start":{"line":27,"column":8},"end":{"line":27,"column":89}},"11":{"start":{"line":29,"column":28},"end":{"line":29,"column":58}},"12":{"start":{"line":30,"column":8},"end":{"line":30,"column":33}},"13":{"start":{"line":31,"column":8},"end":{"line":31,"column":61}},"14":{"start":{"line":34,"column":8},"end":{"line":34,"column":55}},"15":{"start":{"line":35,"column":8},"end":{"line":35,"column":81}},"16":{"start":{"line":38,"column":30},"end":{"line":48,"column":1}},"17":{"start":{"line":39,"column":4},"end":{"line":47,"column":7}},"18":{"start":{"line":40,"column":29},"end":{"line":40,"column":69}},"19":{"start":{"line":41,"column":8},"end":{"line":41,"column":45}},"20":{"start":{"line":42,"column":8},"end":{"line":42,"column":51}},"21":{"start":{"line":43,"column":8},"end":{"line":43,"column":68}},"22":{"start":{"line":45,"column":8},"end":{"line":45,"column":62}},"23":{"start":{"line":46,"column":8},"end":{"line":46,"column":111}},"24":{"start":{"line":50,"column":0},"end":{"line":50,"column":56}}},"fnMap":{"0":{"name":"(anonymous_0)","decl":{"start":{"line":11,"column":20},"end":{"line":11,"column":21}},"loc":{"start":{"line":11,"column":40},"end":{"line":37,"column":1}},"line":11},"1":{"name":"(anonymous_1)","decl":{"start":{"line":38,"column":30},"end":{"line":38,"column":31}},"loc":{"start":{"line":38,"column":50},"end":{"line":48,"column":1}},"line":38}},"branchMap":{},"s":{"0":6,"1":6,"2":6,"3":6,"4":6,"5":6,"6":2,"7":2,"8":2,"9":2,"10":2,"11":1,"12":1,"13":1,"14":1,"15":1,"16":6,"17":2,"18":2,"19":2,"20":1,"21":1,"22":1,"23":1,"24":6},"f":{"0":2,"1":2},"b":{},"_coverageSchema":"1a1c01bbd47fc00a2c39e90264f33305004495a9","hash":"7f499d310b25b479fe612f129e3a9e9e70743851"}
,"D:\\DA1\\backend\\ToeicPracticeApp\\controllers\\User.js": {"path":"D:\\DA1\\backend\\ToeicPracticeApp\\controllers\\User.js","statementMap":{"0":{"start":{"line":1,"column":84},"end":{"line":1,"column":113}},"1":{"start":{"line":2,"column":25},"end":{"line":2,"column":45}},"2":{"start":{"line":3,"column":18},"end":{"line":3,"column":40}},"3":{"start":{"line":5,"column":23},"end":{"line":18,"column":1}},"4":{"start":{"line":6,"column":23},"end":{"line":6,"column":58}},"5":{"start":{"line":7,"column":17},"end":{"line":7,"column":38}},"6":{"start":{"line":8,"column":27},"end":{"line":8,"column":47}},"7":{"start":{"line":10,"column":0},"end":{"line":17,"column":1}},"8":{"start":{"line":11,"column":15},"end":{"line":11,"column":38}},"9":{"start":{"line":12,"column":15},"end":{"line":12,"column":84}},"10":{"start":{"line":13,"column":2},"end":{"line":13,"column":13}},"11":{"start":{"line":15,"column":2},"end":{"line":15,"column":42}},"12":{"start":{"line":16,"column":2},"end":{"line":16,"column":11}},"13":{"start":{"line":19,"column":23},"end":{"line":36,"column":1}},"14":{"start":{"line":20,"column":13},"end":{"line":20,"column":15}},"15":{"start":{"line":21,"column":2},"end":{"line":21,"column":61}},"16":{"start":{"line":21,"column":47},"end":{"line":21,"column":58}},"17":{"start":{"line":22,"column":30},"end":{"line":27,"column":3}},"18":{"start":{"line":29,"column":2},"end":{"line":35,"column":7}},"19":{"start":{"line":31,"column":6},"end":{"line":31,"column":71}},"20":{"start":{"line":34,"column":6},"end":{"line":34,"column":58}},"21":{"start":{"line":37,"column":22},"end":{"line":48,"column":3}},"22":{"start":{"line":38,"column":4},"end":{"line":47,"column":5}},"23":{"start":{"line":39,"column":27},"end":{"line":39,"column":57}},"24":{"start":{"line":40,"column":22},"end":{"line":40,"column":58}},"25":{"start":{"line":41,"column":6},"end":{"line":41,"column":38}},"26":{"start":{"line":42,"column":6},"end":{"line":42,"column":48}},"27":{"start":{"line":43,"column":6},"end":{"line":43,"column":58}},"28":{"start":{"line":45,"column":6},"end":{"line":45,"column":60}},"29":{"start":{"line":46,"column":6},"end":{"line":46,"column":98}},"30":{"start":{"line":49,"column":21},"end":{"line":61,"column":3}},"31":{"start":{"line":50,"column":4},"end":{"line":60,"column":5}},"32":{"start":{"line":51,"column":27},"end":{"line":51,"column":57}},"33":{"start":{"line":52,"column":22},"end":{"line":52,"column":58}},"34":{"start":{"line":54,"column":6},"end":{"line":54,"column":41}},"35":{"start":{"line":55,"column":6},"end":{"line":55,"column":52}},"36":{"start":{"line":56,"column":6},"end":{"line":56,"column":62}},"37":{"start":{"line":58,"column":6},"end":{"line":58,"column":61}},"38":{"start":{"line":59,"column":6},"end":{"line":59,"column":102}},"39":{"start":{"line":62,"column":22},"end":{"line":78,"column":3}},"40":{"start":{"line":63,"column":4},"end":{"line":77,"column":5}},"41":{"start":{"line":65,"column":27},"end":{"line":65,"column":57}},"42":{"start":{"line":66,"column":22},"end":{"line":66,"column":58}},"43":{"start":{"line":67,"column":31},"end":{"line":67,"column":52}},"44":{"start":{"line":69,"column":6},"end":{"line":73,"column":7}},"45":{"start":{"line":70,"column":8},"end":{"line":70,"column":71}},"46":{"start":{"line":72,"column":8},"end":{"line":72,"column":76}},"47":{"start":{"line":75,"column":6},"end":{"line":75,"column":56}},"48":{"start":{"line":76,"column":6},"end":{"line":76,"column":105}},"49":{"start":{"line":79,"column":22},"end":{"line":94,"column":3}},"50":{"start":{"line":80,"column":25},"end":{"line":80,"column":55}},"51":{"start":{"line":81,"column":4},"end":{"line":93,"column":5}},"52":{"start":{"line":82,"column":26},"end":{"line":82,"column":53}},"53":{"start":{"line":83,"column":17},"end":{"line":86,"column":6}},"54":{"start":{"line":84,"column":19},"end":{"line":84,"column":29}},"55":{"start":{"line":85,"column":6},"end":{"line":85,"column":25}},"56":{"start":{"line":87,"column":4},"end":{"line":87,"column":41}},"57":{"start":{"line":90,"column":8},"end":{"line":90,"column":91}},"58":{"start":{"line":91,"column":8},"end":{"line":91,"column":27}},"59":{"start":{"line":92,"column":8},"end":{"line":92,"column":18}},"60":{"start":{"line":95,"column":2},"end":{"line":95,"column":101}}},"fnMap":{"0":{"name":"(anonymous_0)","decl":{"start":{"line":5,"column":23},"end":{"line":5,"column":24}},"loc":{"start":{"line":5,"column":34},"end":{"line":18,"column":1}},"line":5},"1":{"name":"(anonymous_1)","decl":{"start":{"line":19,"column":23},"end":{"line":19,"column":24}},"loc":{"start":{"line":19,"column":46},"end":{"line":36,"column":1}},"line":19},"2":{"name":"(anonymous_2)","decl":{"start":{"line":21,"column":37},"end":{"line":21,"column":38}},"loc":{"start":{"line":21,"column":45},"end":{"line":21,"column":59}},"line":21},"3":{"name":"(anonymous_3)","decl":{"start":{"line":30,"column":10},"end":{"line":30,"column":11}},"loc":{"start":{"line":30,"column":24},"end":{"line":32,"column":5}},"line":30},"4":{"name":"(anonymous_4)","decl":{"start":{"line":33,"column":11},"end":{"line":33,"column":12}},"loc":{"start":{"line":33,"column":22},"end":{"line":35,"column":5}},"line":33},"5":{"name":"(anonymous_5)","decl":{"start":{"line":37,"column":22},"end":{"line":37,"column":23}},"loc":{"start":{"line":37,"column":42},"end":{"line":48,"column":3}},"line":37},"6":{"name":"(anonymous_6)","decl":{"start":{"line":49,"column":21},"end":{"line":49,"column":22}},"loc":{"start":{"line":49,"column":41},"end":{"line":61,"column":3}},"line":49},"7":{"name":"(anonymous_7)","decl":{"start":{"line":62,"column":22},"end":{"line":62,"column":23}},"loc":{"start":{"line":62,"column":42},"end":{"line":78,"column":3}},"line":62},"8":{"name":"(anonymous_8)","decl":{"start":{"line":79,"column":22},"end":{"line":79,"column":23}},"loc":{"start":{"line":79,"column":42},"end":{"line":94,"column":3}},"line":79},"9":{"name":"(anonymous_9)","decl":{"start":{"line":83,"column":40},"end":{"line":83,"column":41}},"loc":{"start":{"line":83,"column":49},"end":{"line":86,"column":5}},"line":83}},"branchMap":{"0":{"loc":{"start":{"line":10,"column":0},"end":{"line":17,"column":1}},"type":"if","locations":[{"start":{"line":10,"column":0},"end":{"line":17,"column":1}},{"start":{"line":14,"column":7},"end":{"line":17,"column":1}}],"line":10},"1":{"loc":{"start":{"line":69,"column":6},"end":{"line":73,"column":7}},"type":"if","locations":[{"start":{"line":69,"column":6},"end":{"line":73,"column":7}},{"start":{"line":71,"column":13},"end":{"line":73,"column":7}}],"line":69}},"s":{"0":6,"1":6,"2":6,"3":6,"4":3,"5":3,"6":3,"7":3,"8":2,"9":2,"10":2,"11":1,"12":1,"13":6,"14":1,"15":1,"16":1,"17":1,"18":1,"19":1,"20":0,"21":6,"22":2,"23":2,"24":2,"25":2,"26":1,"27":1,"28":1,"29":1,"30":6,"31":2,"32":2,"33":2,"34":2,"35":1,"36":1,"37":1,"38":1,"39":6,"40":3,"41":3,"42":3,"43":3,"44":2,"45":1,"46":1,"47":1,"48":1,"49":6,"50":2,"51":2,"52":2,"53":1,"54":2,"55":2,"56":1,"57":1,"58":1,"59":1,"60":6},"f":{"0":3,"1":1,"2":1,"3":1,"4":0,"5":2,"6":2,"7":3,"8":2,"9":2},"b":{"0":[2,1],"1":[1,1]},"_coverageSchema":"1a1c01bbd47fc00a2c39e90264f33305004495a9","hash":"dda8e42e4095d6a6e4f64f24a96b254649eb582e"}
,"D:\\DA1\\backend\\ToeicPracticeApp\\controllers\\Vocab.js": {"path":"D:\\DA1\\backend\\ToeicPracticeApp\\controllers\\Vocab.js","statementMap":{"0":{"start":{"line":1,"column":83},"end":{"line":1,"column":112}},"1":{"start":{"line":2,"column":18},"end":{"line":2,"column":38}},"2":{"start":{"line":3,"column":18},"end":{"line":3,"column":40}},"3":{"start":{"line":6,"column":23},"end":{"line":35,"column":1}},"4":{"start":{"line":7,"column":25},"end":{"line":7,"column":61}},"5":{"start":{"line":8,"column":4},"end":{"line":34,"column":5}},"6":{"start":{"line":19,"column":26},"end":{"line":19,"column":53}},"7":{"start":{"line":21,"column":17},"end":{"line":25,"column":8}},"8":{"start":{"line":22,"column":21},"end":{"line":22,"column":31}},"9":{"start":{"line":23,"column":22},"end":{"line":23,"column":28}},"10":{"start":{"line":24,"column":8},"end":{"line":24,"column":38}},"11":{"start":{"line":26,"column":4},"end":{"line":26,"column":47}},"12":{"start":{"line":29,"column":8},"end":{"line":32,"column":10}},"13":{"start":{"line":33,"column":8},"end":{"line":33,"column":22}},"14":{"start":{"line":36,"column":19},"end":{"line":57,"column":2}},"15":{"start":{"line":37,"column":25},"end":{"line":37,"column":60}},"16":{"start":{"line":38,"column":4},"end":{"line":56,"column":9}},"17":{"start":{"line":39,"column":30},"end":{"line":39,"column":57}},"18":{"start":{"line":41,"column":21},"end":{"line":45,"column":12}},"19":{"start":{"line":42,"column":25},"end":{"line":42,"column":35}},"20":{"start":{"line":43,"column":26},"end":{"line":43,"column":32}},"21":{"start":{"line":44,"column":12},"end":{"line":44,"column":42}},"22":{"start":{"line":46,"column":9},"end":{"line":46,"column":47}},"23":{"start":{"line":47,"column":9},"end":{"line":47,"column":20}},"24":{"start":{"line":50,"column":12},"end":{"line":50,"column":27}},"25":{"start":{"line":51,"column":12},"end":{"line":54,"column":15}},"26":{"start":{"line":55,"column":12},"end":{"line":55,"column":22}},"27":{"start":{"line":63,"column":26},"end":{"line":84,"column":2}},"28":{"start":{"line":64,"column":23},"end":{"line":64,"column":58}},"29":{"start":{"line":65,"column":4},"end":{"line":82,"column":5}},"30":{"start":{"line":66,"column":31},"end":{"line":66,"column":58}},"31":{"start":{"line":67,"column":22},"end":{"line":73,"column":13}},"32":{"start":{"line":68,"column":10},"end":{"line":72,"column":11}},"33":{"start":{"line":69,"column":26},"end":{"line":69,"column":36}},"34":{"start":{"line":70,"column":27},"end":{"line":70,"column":33}},"35":{"start":{"line":71,"column":13},"end":{"line":71,"column":43}},"36":{"start":{"line":74,"column":10},"end":{"line":74,"column":48}},"37":{"start":{"line":76,"column":6},"end":{"line":76,"column":21}},"38":{"start":{"line":77,"column":6},"end":{"line":80,"column":9}},"39":{"start":{"line":81,"column":6},"end":{"line":81,"column":16}},"40":{"start":{"line":85,"column":23},"end":{"line":95,"column":2}},"41":{"start":{"line":86,"column":25},"end":{"line":86,"column":55}},"42":{"start":{"line":87,"column":20},"end":{"line":87,"column":56}},"43":{"start":{"line":88,"column":4},"end":{"line":94,"column":5}},"44":{"start":{"line":89,"column":21},"end":{"line":89,"column":53}},"45":{"start":{"line":90,"column":6},"end":{"line":90,"column":39}},"46":{"start":{"line":91,"column":6},"end":{"line":91,"column":55}},"47":{"start":{"line":93,"column":6},"end":{"line":93,"column":54}},"48":{"start":{"line":97,"column":23},"end":{"line":118,"column":1}},"49":{"start":{"line":98,"column":25},"end":{"line":98,"column":55}},"50":{"start":{"line":99,"column":19},"end":{"line":99,"column":55}},"51":{"start":{"line":100,"column":4},"end":{"line":117,"column":5}},"52":{"start":{"line":101,"column":29},"end":{"line":101,"column":49}},"53":{"start":{"line":103,"column":2},"end":{"line":109,"column":3}},"54":{"start":{"line":104,"column":17},"end":{"line":104,"column":58}},"55":{"start":{"line":105,"column":4},"end":{"line":105,"column":46}},"56":{"start":{"line":107,"column":4},"end":{"line":107,"column":44}},"57":{"start":{"line":108,"column":4},"end":{"line":108,"column":46}},"58":{"start":{"line":112,"column":8},"end":{"line":115,"column":10}},"59":{"start":{"line":116,"column":8},"end":{"line":116,"column":22}},"60":{"start":{"line":119,"column":25},"end":{"line":129,"column":1}},"61":{"start":{"line":120,"column":25},"end":{"line":120,"column":55}},"62":{"start":{"line":121,"column":19},"end":{"line":121,"column":55}},"63":{"start":{"line":122,"column":4},"end":{"line":128,"column":7}},"64":{"start":{"line":123,"column":8},"end":{"line":123,"column":42}},"65":{"start":{"line":124,"column":8},"end":{"line":124,"column":54}},"66":{"start":{"line":125,"column":8},"end":{"line":125,"column":64}},"67":{"start":{"line":127,"column":8},"end":{"line":127,"column":58}},"68":{"start":{"line":130,"column":0},"end":{"line":130,"column":108}}},"fnMap":{"0":{"name":"(anonymous_0)","decl":{"start":{"line":6,"column":23},"end":{"line":6,"column":24}},"loc":{"start":{"line":6,"column":40},"end":{"line":35,"column":1}},"line":6},"1":{"name":"(anonymous_1)","decl":{"start":{"line":21,"column":40},"end":{"line":21,"column":41}},"loc":{"start":{"line":21,"column":49},"end":{"line":25,"column":7}},"line":21},"2":{"name":"(anonymous_2)","decl":{"start":{"line":36,"column":19},"end":{"line":36,"column":20}},"loc":{"start":{"line":36,"column":36},"end":{"line":57,"column":2}},"line":36},"3":{"name":"(anonymous_3)","decl":{"start":{"line":41,"column":44},"end":{"line":41,"column":45}},"loc":{"start":{"line":41,"column":53},"end":{"line":45,"column":11}},"line":41},"4":{"name":"(anonymous_4)","decl":{"start":{"line":63,"column":26},"end":{"line":63,"column":27}},"loc":{"start":{"line":63,"column":43},"end":{"line":84,"column":2}},"line":63},"5":{"name":"(anonymous_5)","decl":{"start":{"line":67,"column":45},"end":{"line":67,"column":46}},"loc":{"start":{"line":67,"column":54},"end":{"line":73,"column":12}},"line":67},"6":{"name":"(anonymous_6)","decl":{"start":{"line":85,"column":23},"end":{"line":85,"column":24}},"loc":{"start":{"line":85,"column":39},"end":{"line":95,"column":2}},"line":85},"7":{"name":"(anonymous_7)","decl":{"start":{"line":97,"column":23},"end":{"line":97,"column":24}},"loc":{"start":{"line":97,"column":40},"end":{"line":118,"column":1}},"line":97},"8":{"name":"(anonymous_8)","decl":{"start":{"line":119,"column":25},"end":{"line":119,"column":26}},"loc":{"start":{"line":119,"column":41},"end":{"line":129,"column":1}},"line":119}},"branchMap":{"0":{"loc":{"start":{"line":68,"column":10},"end":{"line":72,"column":11}},"type":"if","locations":[{"start":{"line":68,"column":10},"end":{"line":72,"column":11}},{"start":{},"end":{}}],"line":68},"1":{"loc":{"start":{"line":103,"column":2},"end":{"line":109,"column":3}},"type":"if","locations":[{"start":{"line":103,"column":2},"end":{"line":109,"column":3}},{"start":{"line":106,"column":9},"end":{"line":109,"column":3}}],"line":103},"2":{"loc":{"start":{"line":104,"column":17},"end":{"line":104,"column":58}},"type":"binary-expr","locations":[{"start":{"line":104,"column":17},"end":{"line":104,"column":52}},{"start":{"line":104,"column":56},"end":{"line":104,"column":58}}],"line":104}},"s":{"0":6,"1":6,"2":6,"3":6,"4":2,"5":2,"6":2,"7":1,"8":2,"9":2,"10":2,"11":1,"12":1,"13":1,"14":6,"15":2,"16":2,"17":2,"18":1,"19":2,"20":2,"21":2,"22":1,"23":1,"24":1,"25":1,"26":1,"27":6,"28":2,"29":2,"30":2,"31":1,"32":2,"33":2,"34":2,"35":2,"36":1,"37":1,"38":1,"39":1,"40":6,"41":2,"42":2,"43":2,"44":2,"45":1,"46":1,"47":1,"48":6,"49":3,"50":3,"51":3,"52":3,"53":2,"54":1,"55":1,"56":1,"57":1,"58":1,"59":1,"60":6,"61":2,"62":2,"63":2,"64":2,"65":1,"66":1,"67":1,"68":6},"f":{"0":2,"1":2,"2":2,"3":2,"4":2,"5":2,"6":2,"7":3,"8":2},"b":{"0":[2,0],"1":[1,1],"2":[1,0]},"_coverageSchema":"1a1c01bbd47fc00a2c39e90264f33305004495a9","hash":"8679019e71820803e284f5ddcc8b5d5560a9ef89"}
,"D:\\DA1\\backend\\ToeicPracticeApp\\router\\router1.js": {"path":"D:\\DA1\\backend\\ToeicPracticeApp\\router\\router1.js","statementMap":{"0":{"start":{"line":1,"column":16},"end":{"line":1,"column":34}},"1":{"start":{"line":2,"column":15},"end":{"line":2,"column":31}},"2":{"start":{"line":3,"column":102},"end":{"line":3,"column":133}},"3":{"start":{"line":4,"column":60},"end":{"line":4,"column":91}},"4":{"start":{"line":5,"column":45},"end":{"line":5,"column":80}},"5":{"start":{"line":6,"column":59},"end":{"line":6,"column":93}},"6":{"start":{"line":7,"column":66},"end":{"line":7,"column":104}},"7":{"start":{"line":8,"column":46},"end":{"line":8,"column":76}},"8":{"start":{"line":10,"column":0},"end":{"line":10,"column":42}},"9":{"start":{"line":11,"column":0},"end":{"line":11,"column":54}},"10":{"start":{"line":12,"column":0},"end":{"line":12,"column":31}},"11":{"start":{"line":13,"column":0},"end":{"line":13,"column":50}},"12":{"start":{"line":14,"column":0},"end":{"line":14,"column":48}},"13":{"start":{"line":15,"column":0},"end":{"line":15,"column":57}},"14":{"start":{"line":16,"column":0},"end":{"line":16,"column":47}},"15":{"start":{"line":17,"column":0},"end":{"line":17,"column":45}},"16":{"start":{"line":18,"column":0},"end":{"line":18,"column":33}},"17":{"start":{"line":19,"column":0},"end":{"line":19,"column":44}},"18":{"start":{"line":20,"column":0},"end":{"line":20,"column":40}},"19":{"start":{"line":21,"column":0},"end":{"line":21,"column":60}},"20":{"start":{"line":23,"column":0},"end":{"line":23,"column":57}},"21":{"start":{"line":24,"column":0},"end":{"line":24,"column":65}},"22":{"start":{"line":25,"column":0},"end":{"line":25,"column":52}},"23":{"start":{"line":27,"column":0},"end":{"line":27,"column":60}},"24":{"start":{"line":28,"column":0},"end":{"line":28,"column":52}},"25":{"start":{"line":29,"column":0},"end":{"line":29,"column":62}},"26":{"start":{"line":31,"column":0},"end":{"line":31,"column":45}},"27":{"start":{"line":32,"column":0},"end":{"line":32,"column":51}},"28":{"start":{"line":33,"column":0},"end":{"line":33,"column":53}},"29":{"start":{"line":34,"column":0},"end":{"line":34,"column":23}}},"fnMap":{},"branchMap":{},"s":{"0":6,"1":6,"2":6,"3":6,"4":6,"5":6,"6":6,"7":6,"8":6,"9":6,"10":6,"11":6,"12":6,"13":6,"14":6,"15":6,"16":6,"17":6,"18":6,"19":6,"20":6,"21":6,"22":6,"23":6,"24":6,"25":6,"26":6,"27":6,"28":6,"29":6},"f":{},"b":{},"_coverageSchema":"1a1c01bbd47fc00a2c39e90264f33305004495a9","hash":"0775f89718dd82aed1d00db63bc907733cfd84d1"}
}
