TN:
SF:config.js
FNF:0
FNH:0
DA:2,4
DA:3,4
DA:4,4
DA:5,4
DA:15,4
DA:17,4
DA:21,4
DA:22,4
DA:23,4
LF:9
LH:9
BRF:0
BRH:0
end_of_record
TN:
SF:index.js
FN:25,(anonymous_0)
FNF:1
FNH:0
FNDA:0,(anonymous_0)
DA:1,6
DA:2,6
DA:3,6
DA:6,6
DA:7,6
DA:8,6
DA:10,6
DA:11,6
DA:16,6
DA:17,6
DA:18,6
DA:19,6
DA:24,6
DA:25,0
DA:31,6
LF:15
LH:14
BRDA:24,0,0,0
BRDA:24,0,1,6
BRF:2
BRH:1
end_of_record
TN:
SF:controllers\Post.js
FN:5,(anonymous_0)
FN:16,(anonymous_1)
FN:21,(anonymous_2)
FN:26,(anonymous_3)
FN:34,(anonymous_4)
FNF:5
FNH:5
FNDA:2,(anonymous_0)
FNDA:2,(anonymous_1)
FNDA:1,(anonymous_2)
FNDA:1,(anonymous_3)
FNDA:3,(anonymous_4)
DA:1,6
DA:2,6
DA:3,6
DA:5,6
DA:6,2
DA:7,2
DA:8,2
DA:9,2
DA:10,1
DA:12,1
DA:16,6
DA:17,2
DA:18,2
DA:19,2
DA:20,2
DA:22,1
DA:23,1
DA:24,1
DA:27,1
DA:31,0
DA:34,6
DA:35,3
DA:36,3
DA:37,3
DA:38,3
DA:40,2
DA:41,1
DA:42,1
DA:44,1
DA:48,1
DA:54,6
LF:31
LH:30
BRDA:40,0,0,1
BRDA:40,0,1,1
BRF:2
BRH:2
end_of_record
TN:
SF:controllers\PracticePlan.js
FN:15,(anonymous_0)
FN:54,(anonymous_1)
FN:112,(anonymous_2)
FN:127,(anonymous_3)
FN:144,(anonymous_4)
FNF:5
FNH:5
FNDA:8,(anonymous_0)
FNDA:71,(anonymous_1)
FNDA:2,(anonymous_2)
FNDA:3,(anonymous_3)
FNDA:2,(anonymous_4)
DA:1,6
DA:2,6
DA:3,6
DA:6,6
DA:7,6
DA:8,6
DA:9,6
DA:10,6
DA:11,6
DA:12,6
DA:13,6
DA:15,6
DA:16,8
DA:17,8
DA:18,8
DA:19,8
DA:20,8
DA:22,1
DA:23,1
DA:24,1
DA:26,1
DA:27,1
DA:28,1
DA:30,2
DA:31,2
DA:32,2
DA:34,1
DA:35,1
DA:36,1
DA:38,3
DA:40,5
DA:42,1
DA:43,1
DA:45,1
DA:46,1
DA:48,2
DA:49,2
DA:51,1
DA:53,4
DA:54,71
DA:55,44
DA:57,44
DA:58,17
DA:59,1
DA:64,1
DA:72,16
DA:82,27
DA:83,283
DA:90,27
DA:98,4
DA:112,6
DA:113,2
DA:114,2
DA:115,2
DA:117,2
DA:118,2
DA:119,1
DA:120,1
DA:122,1
DA:123,1
DA:127,6
DA:128,3
DA:129,3
DA:130,3
DA:131,3
DA:133,2
DA:134,1
DA:136,1
DA:139,1
DA:140,1
DA:144,6
DA:145,2
DA:146,2
DA:147,2
DA:149,2
DA:150,1
DA:151,1
DA:153,1
DA:154,1
DA:158,6
LF:80
LH:80
BRDA:20,0,0,1
BRDA:20,0,1,1
BRDA:20,0,2,2
BRDA:20,0,3,1
BRDA:20,0,4,3
BRDA:40,1,0,1
BRDA:40,1,1,1
BRDA:40,1,2,2
BRDA:40,1,3,1
BRDA:57,2,0,17
BRDA:57,2,1,27
BRDA:58,3,0,1
BRDA:58,3,1,16
BRDA:133,4,0,1
BRDA:133,4,1,1
BRF:15
BRH:15
end_of_record
TN:
SF:controllers\Question.js
FN:5,(anonymous_0)
FN:25,(anonymous_1)
FN:29,(anonymous_2)
FN:39,(anonymous_3)
FN:52,(anonymous_4)
FN:64,(anonymous_5)
FN:85,(anonymous_6)
FN:89,(anonymous_7)
FN:93,(anonymous_8)
FN:97,(anonymous_9)
FN:114,(anonymous_10)
FNF:11
FNH:11
FNDA:7,(anonymous_0)
FNDA:2,(anonymous_1)
FNDA:2,(anonymous_2)
FNDA:2,(anonymous_3)
FNDA:4,(anonymous_4)
FNDA:1,(anonymous_5)
FNDA:2,(anonymous_6)
FNDA:1,(anonymous_7)
FNDA:1,(anonymous_8)
FNDA:3,(anonymous_9)
FNDA:3,(anonymous_10)
DA:1,6
DA:2,6
DA:3,6
DA:5,6
DA:6,7
DA:7,7
DA:8,7
DA:9,7
DA:11,6
DA:12,5
DA:13,3
DA:14,3
DA:17,1
DA:21,1
DA:22,1
DA:25,6
DA:26,2
DA:27,2
DA:28,2
DA:29,2
DA:30,2
DA:32,2
DA:33,2
DA:34,2
DA:38,2
DA:39,1
DA:40,2
DA:41,2
DA:42,2
DA:44,1
DA:46,1
DA:52,6
DA:53,4
DA:54,4
DA:55,4
DA:56,4
DA:57,3
DA:58,2
DA:59,2
DA:60,2
DA:61,2
DA:62,2
DA:63,1
DA:64,1
DA:65,1
DA:67,1
DA:68,1
DA:69,1
DA:70,1
DA:71,1
DA:76,1
DA:79,1
DA:82,1
DA:85,6
DA:86,2
DA:87,2
DA:88,2
DA:90,1
DA:91,1
DA:94,1
DA:97,6
DA:98,3
DA:99,3
DA:100,3
DA:101,3
DA:103,2
DA:104,1
DA:105,1
DA:107,1
DA:111,1
DA:114,6
DA:115,3
DA:116,3
DA:117,3
DA:118,4
DA:119,4
DA:120,4
DA:122,3
DA:123,3
DA:124,3
DA:128,1
DA:131,3
DA:133,6
LF:83
LH:83
BRDA:11,0,0,5
BRDA:11,0,1,1
BRDA:12,1,0,3
BRDA:12,1,1,2
BRDA:12,2,0,5
BRDA:12,2,1,4
BRDA:13,3,0,3
BRDA:13,3,1,0
BRDA:57,4,0,2
BRDA:57,4,1,1
BRDA:59,5,0,2
BRDA:59,5,1,1
BRDA:62,6,0,1
BRDA:62,6,1,1
BRDA:68,7,0,1
BRDA:68,7,1,0
BRDA:69,8,0,1
BRDA:69,8,1,0
BRDA:103,9,0,1
BRDA:103,9,1,1
BRDA:122,10,0,3
BRDA:122,10,1,0
BRF:22
BRH:18
end_of_record
TN:
SF:controllers\SWskills.js
FN:11,(anonymous_0)
FN:38,(anonymous_1)
FNF:2
FNH:2
FNDA:2,(anonymous_0)
FNDA:2,(anonymous_1)
DA:1,6
DA:2,6
DA:3,6
DA:4,6
DA:9,6
DA:11,6
DA:12,2
DA:13,2
DA:16,2
DA:17,2
DA:27,2
DA:29,1
DA:30,1
DA:31,1
DA:34,1
DA:35,1
DA:38,6
DA:39,2
DA:40,2
DA:41,2
DA:42,1
DA:43,1
DA:45,1
DA:46,1
DA:50,6
LF:25
LH:25
BRF:0
BRH:0
end_of_record
TN:
SF:controllers\User.js
FN:5,(anonymous_0)
FN:19,(anonymous_1)
FN:21,(anonymous_2)
FN:30,(anonymous_3)
FN:33,(anonymous_4)
FN:37,(anonymous_5)
FN:49,(anonymous_6)
FN:62,(anonymous_7)
FN:79,(anonymous_8)
FN:83,(anonymous_9)
FNF:10
FNH:9
FNDA:3,(anonymous_0)
FNDA:1,(anonymous_1)
FNDA:1,(anonymous_2)
FNDA:1,(anonymous_3)
FNDA:0,(anonymous_4)
FNDA:2,(anonymous_5)
FNDA:2,(anonymous_6)
FNDA:3,(anonymous_7)
FNDA:2,(anonymous_8)
FNDA:2,(anonymous_9)
DA:1,6
DA:2,6
DA:3,6
DA:5,6
DA:6,3
DA:7,3
DA:8,3
DA:10,3
DA:11,2
DA:12,2
DA:13,2
DA:15,1
DA:16,1
DA:19,6
DA:20,1
DA:21,1
DA:22,1
DA:29,1
DA:31,1
DA:34,0
DA:37,6
DA:38,2
DA:39,2
DA:40,2
DA:41,2
DA:42,1
DA:43,1
DA:45,1
DA:46,1
DA:49,6
DA:50,2
DA:51,2
DA:52,2
DA:54,2
DA:55,1
DA:56,1
DA:58,1
DA:59,1
DA:62,6
DA:63,3
DA:65,3
DA:66,3
DA:67,3
DA:69,2
DA:70,1
DA:72,1
DA:75,1
DA:76,1
DA:79,6
DA:80,2
DA:81,2
DA:82,2
DA:83,1
DA:84,2
DA:85,2
DA:87,1
DA:90,1
DA:91,1
DA:92,1
DA:95,6
LF:60
LH:59
BRDA:10,0,0,2
BRDA:10,0,1,1
BRDA:69,1,0,1
BRDA:69,1,1,1
BRF:4
BRH:4
end_of_record
TN:
SF:controllers\Vocab.js
FN:6,(anonymous_0)
FN:21,(anonymous_1)
FN:36,(anonymous_2)
FN:41,(anonymous_3)
FN:63,(anonymous_4)
FN:67,(anonymous_5)
FN:85,(anonymous_6)
FN:97,(anonymous_7)
FN:119,(anonymous_8)
FNF:9
FNH:9
FNDA:2,(anonymous_0)
FNDA:2,(anonymous_1)
FNDA:2,(anonymous_2)
FNDA:2,(anonymous_3)
FNDA:2,(anonymous_4)
FNDA:2,(anonymous_5)
FNDA:2,(anonymous_6)
FNDA:3,(anonymous_7)
FNDA:2,(anonymous_8)
DA:1,6
DA:2,6
DA:3,6
DA:6,6
DA:7,2
DA:8,2
DA:19,2
DA:21,1
DA:22,2
DA:23,2
DA:24,2
DA:26,1
DA:29,1
DA:33,1
DA:36,6
DA:37,2
DA:38,2
DA:39,2
DA:41,1
DA:42,2
DA:43,2
DA:44,2
DA:46,1
DA:47,1
DA:50,1
DA:51,1
DA:55,1
DA:63,6
DA:64,2
DA:65,2
DA:66,2
DA:67,1
DA:68,2
DA:69,2
DA:70,2
DA:71,2
DA:74,1
DA:76,1
DA:77,1
DA:81,1
DA:85,6
DA:86,2
DA:87,2
DA:88,2
DA:89,2
DA:90,1
DA:91,1
DA:93,1
DA:97,6
DA:98,3
DA:99,3
DA:100,3
DA:101,3
DA:103,2
DA:104,1
DA:105,1
DA:107,1
DA:108,1
DA:112,1
DA:116,1
DA:119,6
DA:120,2
DA:121,2
DA:122,2
DA:123,2
DA:124,1
DA:125,1
DA:127,1
DA:130,6
LF:69
LH:69
BRDA:68,0,0,2
BRDA:68,0,1,0
BRDA:103,1,0,1
BRDA:103,1,1,1
BRDA:104,2,0,1
BRDA:104,2,1,0
BRF:6
BRH:4
end_of_record
TN:
SF:router\router1.js
FNF:0
FNH:0
DA:1,6
DA:2,6
DA:3,6
DA:4,6
DA:5,6
DA:6,6
DA:7,6
DA:8,6
DA:10,6
DA:11,6
DA:12,6
DA:13,6
DA:14,6
DA:15,6
DA:16,6
DA:17,6
DA:18,6
DA:19,6
DA:20,6
DA:21,6
DA:23,6
DA:24,6
DA:25,6
DA:27,6
DA:28,6
DA:29,6
DA:31,6
DA:32,6
DA:33,6
DA:34,6
LF:30
LH:30
BRF:0
BRH:0
end_of_record
